<?xml version="1.0" encoding="UTF-8"?>
<testng-results skipped="1" failed="0" ignored="0" total="1" passed="0">
  <reporter-output>
  </reporter-output>
  <suite name="Surefire suite" duration-ms="2914" started-at="2021-05-27T22:29:24 CDT" finished-at="2021-05-27T22:29:27 CDT">
    <groups>
      <group name="cucumber">
        <method signature="AbstractTestNGCucumberTests.feature(cucumber.api.testng.CucumberFeatureWrapper)[pri:0, instance:com.TestRunner.Demo.TestRunner@5ce81285]" name="feature" class="cucumber.api.testng.AbstractTestNGCucumberTests"/>
      </group> <!-- cucumber -->
    </groups>
    <test name="Surefire test" duration-ms="2914" started-at="2021-05-27T22:29:24 CDT" finished-at="2021-05-27T22:29:27 CDT">
      <class name="com.TestRunner.Demo.TestRunner">
        <test-method status="FAIL" signature="setUP()[pri:0, instance:com.TestRunner.Demo.TestRunner@5ce81285]" name="setUP" is-config="true" duration-ms="2647" started-at="2021-05-27T22:29:24 CDT" finished-at="2021-05-27T22:29:27 CDT">
          <exception class="org.openqa.selenium.SessionNotCreatedException">
            <message>
              <![CDATA[session not created: This version of ChromeDriver only supports Chrome version 89
Current browser version is 91.0.4472.77 with binary path C:\Program Files\Google\Chrome\Application\chrome.exe
Build info: version: '3.14.0', revision: 'aacccce0', time: '2018-08-02T20:19:58.91Z'
System info: host: 'DESKTOP-3ROKAB7', ip: '192.168.254.12', os.name: 'Windows 10', os.arch: 'amd64', os.version: '10.0', java.version: '1.8.0_261'
Driver info: driver.version: ChromeDriver
remote stacktrace: Backtrace:
Ordinal0 [0x00FDE7D3+124883]
Ordinal0 [0x00FDE7B1+124849]
GetHandleVerifier [0x01228688+193832]
GetHandleVerifier [0x01243AC5+305509]
GetHandleVerifier [0x0124021B+291003]
GetHandleVerifier [0x0123E0AC+282444]
GetHandleVerifier [0x01264A90+440624]
GetHandleVerifier [0x012647FC+439964]
GetHandleVerifier [0x0126154B+426987]
GetHandleVerifier [0x01244FFD+310941]
GetHandleVerifier [0x01245D8E+314414]
GetHandleVerifier [0x01245D19+314297]
GetHandleVerifier [0x013031EC+1089676]
GetHandleVerifier [0x013017C9+1082985]
GetHandleVerifier [0x013013A3+1081923]
GetHandleVerifier [0x013FD9FD+2115741]
Ordinal0 [0x0112B82E+1488942]
Ordinal0 [0x010C5A7D+1071741]
Ordinal0 [0x010C559B+1070491]
Ordinal0 [0x010C54B1+1070257]
Ordinal0 [0x010FFF53+1310547]
BaseThreadInitThunk [0x7792FA29+25]
RtlGetAppContainerNamedObjectPath [0x77AF7A7E+286]
RtlGetAppContainerNamedObjectPath [0x77AF7A4E+238]
]]>
            </message>
            <full-stacktrace>
              <![CDATA[org.openqa.selenium.SessionNotCreatedException: session not created: This version of ChromeDriver only supports Chrome version 89
Current browser version is 91.0.4472.77 with binary path C:\Program Files\Google\Chrome\Application\chrome.exe
Build info: version: '3.14.0', revision: 'aacccce0', time: '2018-08-02T20:19:58.91Z'
System info: host: 'DESKTOP-3ROKAB7', ip: '192.168.254.12', os.name: 'Windows 10', os.arch: 'amd64', os.version: '10.0', java.version: '1.8.0_261'
Driver info: driver.version: ChromeDriver
remote stacktrace: Backtrace:
Ordinal0 [0x00FDE7D3+124883]
Ordinal0 [0x00FDE7B1+124849]
GetHandleVerifier [0x01228688+193832]
GetHandleVerifier [0x01243AC5+305509]
GetHandleVerifier [0x0124021B+291003]
GetHandleVerifier [0x0123E0AC+282444]
GetHandleVerifier [0x01264A90+440624]
GetHandleVerifier [0x012647FC+439964]
GetHandleVerifier [0x0126154B+426987]
GetHandleVerifier [0x01244FFD+310941]
GetHandleVerifier [0x01245D8E+314414]
GetHandleVerifier [0x01245D19+314297]
GetHandleVerifier [0x013031EC+1089676]
GetHandleVerifier [0x013017C9+1082985]
GetHandleVerifier [0x013013A3+1081923]
GetHandleVerifier [0x013FD9FD+2115741]
Ordinal0 [0x0112B82E+1488942]
Ordinal0 [0x010C5A7D+1071741]
Ordinal0 [0x010C559B+1070491]
Ordinal0 [0x010C54B1+1070257]
Ordinal0 [0x010FFF53+1310547]
BaseThreadInitThunk [0x7792FA29+25]
RtlGetAppContainerNamedObjectPath [0x77AF7A7E+286]
RtlGetAppContainerNamedObjectPath [0x77AF7A4E+238]

at sun.reflect.NativeConstructorAccessorImpl.newInstance0(Native Method)
at sun.reflect.NativeConstructorAccessorImpl.newInstance(NativeConstructorAccessorImpl.java:62)
at sun.reflect.DelegatingConstructorAccessorImpl.newInstance(DelegatingConstructorAccessorImpl.java:45)
at java.lang.reflect.Constructor.newInstance(Constructor.java:423)
at org.openqa.selenium.remote.W3CHandshakeResponse.lambda$new$0(W3CHandshakeResponse.java:57)
at org.openqa.selenium.remote.W3CHandshakeResponse.lambda$getResponseFunction$2(W3CHandshakeResponse.java:104)
at org.openqa.selenium.remote.ProtocolHandshake.lambda$createSession$0(ProtocolHandshake.java:122)
at java.util.stream.ReferencePipeline$3$1.accept(ReferencePipeline.java:193)
at java.util.Spliterators$ArraySpliterator.tryAdvance(Spliterators.java:958)
at java.util.stream.ReferencePipeline.forEachWithCancel(ReferencePipeline.java:126)
at java.util.stream.AbstractPipeline.copyIntoWithCancel(AbstractPipeline.java:499)
at java.util.stream.AbstractPipeline.copyInto(AbstractPipeline.java:486)
at java.util.stream.AbstractPipeline.wrapAndCopyInto(AbstractPipeline.java:472)
at java.util.stream.FindOps$FindOp.evaluateSequential(FindOps.java:152)
at java.util.stream.AbstractPipeline.evaluate(AbstractPipeline.java:234)
at java.util.stream.ReferencePipeline.findFirst(ReferencePipeline.java:464)
at org.openqa.selenium.remote.ProtocolHandshake.createSession(ProtocolHandshake.java:125)
at org.openqa.selenium.remote.ProtocolHandshake.createSession(ProtocolHandshake.java:73)
at org.openqa.selenium.remote.HttpCommandExecutor.execute(HttpCommandExecutor.java:136)
at org.openqa.selenium.remote.service.DriverCommandExecutor.execute(DriverCommandExecutor.java:83)
at org.openqa.selenium.remote.RemoteWebDriver.execute(RemoteWebDriver.java:548)
at org.openqa.selenium.remote.RemoteWebDriver.startSession(RemoteWebDriver.java:212)
at org.openqa.selenium.remote.RemoteWebDriver.<init>(RemoteWebDriver.java:130)
at org.openqa.selenium.chrome.ChromeDriver.<init>(ChromeDriver.java:181)
at org.openqa.selenium.chrome.ChromeDriver.<init>(ChromeDriver.java:168)
at org.openqa.selenium.chrome.ChromeDriver.<init>(ChromeDriver.java:123)
at com.TestUtil.Demo.testBase.initil(testBase.java:42)
at com.TestRunner.Demo.TestRunner.setUP(TestRunner.java:23)
at sun.reflect.NativeMethodAccessorImpl.invoke0(Native Method)
at sun.reflect.NativeMethodAccessorImpl.invoke(NativeMethodAccessorImpl.java:62)
at sun.reflect.DelegatingMethodAccessorImpl.invoke(DelegatingMethodAccessorImpl.java:43)
at java.lang.reflect.Method.invoke(Method.java:498)
at org.testng.internal.MethodInvocationHelper.invokeMethod(MethodInvocationHelper.java:132)
at org.testng.internal.MethodInvocationHelper.invokeMethodConsideringTimeout(MethodInvocationHelper.java:61)
at org.testng.internal.ConfigInvoker.invokeConfigurationMethod(ConfigInvoker.java:366)
at org.testng.internal.ConfigInvoker.invokeConfigurations(ConfigInvoker.java:320)
at org.testng.TestRunner.invokeTestConfigurations(TestRunner.java:617)
at org.testng.TestRunner.beforeRun(TestRunner.java:607)
at org.testng.TestRunner.run(TestRunner.java:578)
at org.testng.SuiteRunner.runTest(SuiteRunner.java:384)
at org.testng.SuiteRunner.runSequentially(SuiteRunner.java:378)
at org.testng.SuiteRunner.privateRun(SuiteRunner.java:337)
at org.testng.SuiteRunner.run(SuiteRunner.java:286)
at org.testng.SuiteRunnerWorker.runSuite(SuiteRunnerWorker.java:53)
at org.testng.SuiteRunnerWorker.run(SuiteRunnerWorker.java:96)
at org.testng.TestNG.runSuitesSequentially(TestNG.java:1218)
at org.testng.TestNG.runSuitesLocally(TestNG.java:1140)
at org.testng.TestNG.runSuites(TestNG.java:1069)
at org.testng.TestNG.run(TestNG.java:1037)
at org.apache.maven.surefire.testng.TestNGExecutor.run(TestNGExecutor.java:135)
at org.apache.maven.surefire.testng.TestNGDirectoryTestSuite.executeSingleClass(TestNGDirectoryTestSuite.java:112)
at org.apache.maven.surefire.testng.TestNGDirectoryTestSuite.execute(TestNGDirectoryTestSuite.java:99)
at org.apache.maven.surefire.testng.TestNGProvider.invoke(TestNGProvider.java:146)
at org.apache.maven.surefire.booter.ForkedBooter.invokeProviderInSameClassLoader(ForkedBooter.java:383)
at org.apache.maven.surefire.booter.ForkedBooter.runSuitesInProcess(ForkedBooter.java:344)
at org.apache.maven.surefire.booter.ForkedBooter.execute(ForkedBooter.java:125)
at org.apache.maven.surefire.booter.ForkedBooter.main(ForkedBooter.java:417)
]]>
            </full-stacktrace>
          </exception> <!-- org.openqa.selenium.SessionNotCreatedException -->
          <reporter-output>
          </reporter-output>
        </test-method> <!-- setUP -->
        <test-method status="PASS" signature="setUpClass()[pri:0, instance:com.TestRunner.Demo.TestRunner@5ce81285]" name="setUpClass" is-config="true" duration-ms="163" started-at="2021-05-27T22:29:27 CDT" finished-at="2021-05-27T22:29:27 CDT">
          <reporter-output>
          </reporter-output>
        </test-method> <!-- setUpClass -->
        <test-method status="SKIP" signature="feature(cucumber.api.testng.CucumberFeatureWrapper)[pri:0, instance:com.TestRunner.Demo.TestRunner@5ce81285]" name="feature" duration-ms="0" started-at="2021-05-27T22:29:27 CDT" description="Runs Cucumber Feature" data-provider="features" finished-at="2021-05-27T22:29:27 CDT">
          <params>
            <param index="0">
              <value>
                <![CDATA[Search Functionality]]>
              </value>
            </param>
          </params>
          <exception class="org.openqa.selenium.SessionNotCreatedException">
            <message>
              <![CDATA[session not created: This version of ChromeDriver only supports Chrome version 89
Current browser version is 91.0.4472.77 with binary path C:\Program Files\Google\Chrome\Application\chrome.exe
Build info: version: '3.14.0', revision: 'aacccce0', time: '2018-08-02T20:19:58.91Z'
System info: host: 'DESKTOP-3ROKAB7', ip: '192.168.254.12', os.name: 'Windows 10', os.arch: 'amd64', os.version: '10.0', java.version: '1.8.0_261'
Driver info: driver.version: ChromeDriver
remote stacktrace: Backtrace:
Ordinal0 [0x00FDE7D3+124883]
Ordinal0 [0x00FDE7B1+124849]
GetHandleVerifier [0x01228688+193832]
GetHandleVerifier [0x01243AC5+305509]
GetHandleVerifier [0x0124021B+291003]
GetHandleVerifier [0x0123E0AC+282444]
GetHandleVerifier [0x01264A90+440624]
GetHandleVerifier [0x012647FC+439964]
GetHandleVerifier [0x0126154B+426987]
GetHandleVerifier [0x01244FFD+310941]
GetHandleVerifier [0x01245D8E+314414]
GetHandleVerifier [0x01245D19+314297]
GetHandleVerifier [0x013031EC+1089676]
GetHandleVerifier [0x013017C9+1082985]
GetHandleVerifier [0x013013A3+1081923]
GetHandleVerifier [0x013FD9FD+2115741]
Ordinal0 [0x0112B82E+1488942]
Ordinal0 [0x010C5A7D+1071741]
Ordinal0 [0x010C559B+1070491]
Ordinal0 [0x010C54B1+1070257]
Ordinal0 [0x010FFF53+1310547]
BaseThreadInitThunk [0x7792FA29+25]
RtlGetAppContainerNamedObjectPath [0x77AF7A7E+286]
RtlGetAppContainerNamedObjectPath [0x77AF7A4E+238]
]]>
            </message>
            <full-stacktrace>
              <![CDATA[org.openqa.selenium.SessionNotCreatedException: session not created: This version of ChromeDriver only supports Chrome version 89
Current browser version is 91.0.4472.77 with binary path C:\Program Files\Google\Chrome\Application\chrome.exe
Build info: version: '3.14.0', revision: 'aacccce0', time: '2018-08-02T20:19:58.91Z'
System info: host: 'DESKTOP-3ROKAB7', ip: '192.168.254.12', os.name: 'Windows 10', os.arch: 'amd64', os.version: '10.0', java.version: '1.8.0_261'
Driver info: driver.version: ChromeDriver
remote stacktrace: Backtrace:
Ordinal0 [0x00FDE7D3+124883]
Ordinal0 [0x00FDE7B1+124849]
GetHandleVerifier [0x01228688+193832]
GetHandleVerifier [0x01243AC5+305509]
GetHandleVerifier [0x0124021B+291003]
GetHandleVerifier [0x0123E0AC+282444]
GetHandleVerifier [0x01264A90+440624]
GetHandleVerifier [0x012647FC+439964]
GetHandleVerifier [0x0126154B+426987]
GetHandleVerifier [0x01244FFD+310941]
GetHandleVerifier [0x01245D8E+314414]
GetHandleVerifier [0x01245D19+314297]
GetHandleVerifier [0x013031EC+1089676]
GetHandleVerifier [0x013017C9+1082985]
GetHandleVerifier [0x013013A3+1081923]
GetHandleVerifier [0x013FD9FD+2115741]
Ordinal0 [0x0112B82E+1488942]
Ordinal0 [0x010C5A7D+1071741]
Ordinal0 [0x010C559B+1070491]
Ordinal0 [0x010C54B1+1070257]
Ordinal0 [0x010FFF53+1310547]
BaseThreadInitThunk [0x7792FA29+25]
RtlGetAppContainerNamedObjectPath [0x77AF7A7E+286]
RtlGetAppContainerNamedObjectPath [0x77AF7A4E+238]

at sun.reflect.NativeConstructorAccessorImpl.newInstance0(Native Method)
at sun.reflect.NativeConstructorAccessorImpl.newInstance(NativeConstructorAccessorImpl.java:62)
at sun.reflect.DelegatingConstructorAccessorImpl.newInstance(DelegatingConstructorAccessorImpl.java:45)
at java.lang.reflect.Constructor.newInstance(Constructor.java:423)
at org.openqa.selenium.remote.W3CHandshakeResponse.lambda$new$0(W3CHandshakeResponse.java:57)
at org.openqa.selenium.remote.W3CHandshakeResponse.lambda$getResponseFunction$2(W3CHandshakeResponse.java:104)
at org.openqa.selenium.remote.ProtocolHandshake.lambda$createSession$0(ProtocolHandshake.java:122)
at java.util.stream.ReferencePipeline$3$1.accept(ReferencePipeline.java:193)
at java.util.Spliterators$ArraySpliterator.tryAdvance(Spliterators.java:958)
at java.util.stream.ReferencePipeline.forEachWithCancel(ReferencePipeline.java:126)
at java.util.stream.AbstractPipeline.copyIntoWithCancel(AbstractPipeline.java:499)
at java.util.stream.AbstractPipeline.copyInto(AbstractPipeline.java:486)
at java.util.stream.AbstractPipeline.wrapAndCopyInto(AbstractPipeline.java:472)
at java.util.stream.FindOps$FindOp.evaluateSequential(FindOps.java:152)
at java.util.stream.AbstractPipeline.evaluate(AbstractPipeline.java:234)
at java.util.stream.ReferencePipeline.findFirst(ReferencePipeline.java:464)
at org.openqa.selenium.remote.ProtocolHandshake.createSession(ProtocolHandshake.java:125)
at org.openqa.selenium.remote.ProtocolHandshake.createSession(ProtocolHandshake.java:73)
at org.openqa.selenium.remote.HttpCommandExecutor.execute(HttpCommandExecutor.java:136)
at org.openqa.selenium.remote.service.DriverCommandExecutor.execute(DriverCommandExecutor.java:83)
at org.openqa.selenium.remote.RemoteWebDriver.execute(RemoteWebDriver.java:548)
at org.openqa.selenium.remote.RemoteWebDriver.startSession(RemoteWebDriver.java:212)
at org.openqa.selenium.remote.RemoteWebDriver.<init>(RemoteWebDriver.java:130)
at org.openqa.selenium.chrome.ChromeDriver.<init>(ChromeDriver.java:181)
at org.openqa.selenium.chrome.ChromeDriver.<init>(ChromeDriver.java:168)
at org.openqa.selenium.chrome.ChromeDriver.<init>(ChromeDriver.java:123)
at com.TestUtil.Demo.testBase.initil(testBase.java:42)
at com.TestRunner.Demo.TestRunner.setUP(TestRunner.java:23)
at sun.reflect.NativeMethodAccessorImpl.invoke0(Native Method)
at sun.reflect.NativeMethodAccessorImpl.invoke(NativeMethodAccessorImpl.java:62)
at sun.reflect.DelegatingMethodAccessorImpl.invoke(DelegatingMethodAccessorImpl.java:43)
at java.lang.reflect.Method.invoke(Method.java:498)
at org.testng.internal.MethodInvocationHelper.invokeMethod(MethodInvocationHelper.java:132)
at org.testng.internal.MethodInvocationHelper.invokeMethodConsideringTimeout(MethodInvocationHelper.java:61)
at org.testng.internal.ConfigInvoker.invokeConfigurationMethod(ConfigInvoker.java:366)
at org.testng.internal.ConfigInvoker.invokeConfigurations(ConfigInvoker.java:320)
at org.testng.TestRunner.invokeTestConfigurations(TestRunner.java:617)
at org.testng.TestRunner.beforeRun(TestRunner.java:607)
at org.testng.TestRunner.run(TestRunner.java:578)
at org.testng.SuiteRunner.runTest(SuiteRunner.java:384)
at org.testng.SuiteRunner.runSequentially(SuiteRunner.java:378)
at org.testng.SuiteRunner.privateRun(SuiteRunner.java:337)
at org.testng.SuiteRunner.run(SuiteRunner.java:286)
at org.testng.SuiteRunnerWorker.runSuite(SuiteRunnerWorker.java:53)
at org.testng.SuiteRunnerWorker.run(SuiteRunnerWorker.java:96)
at org.testng.TestNG.runSuitesSequentially(TestNG.java:1218)
at org.testng.TestNG.runSuitesLocally(TestNG.java:1140)
at org.testng.TestNG.runSuites(TestNG.java:1069)
at org.testng.TestNG.run(TestNG.java:1037)
at org.apache.maven.surefire.testng.TestNGExecutor.run(TestNGExecutor.java:135)
at org.apache.maven.surefire.testng.TestNGDirectoryTestSuite.executeSingleClass(TestNGDirectoryTestSuite.java:112)
at org.apache.maven.surefire.testng.TestNGDirectoryTestSuite.execute(TestNGDirectoryTestSuite.java:99)
at org.apache.maven.surefire.testng.TestNGProvider.invoke(TestNGProvider.java:146)
at org.apache.maven.surefire.booter.ForkedBooter.invokeProviderInSameClassLoader(ForkedBooter.java:383)
at org.apache.maven.surefire.booter.ForkedBooter.runSuitesInProcess(ForkedBooter.java:344)
at org.apache.maven.surefire.booter.ForkedBooter.execute(ForkedBooter.java:125)
at org.apache.maven.surefire.booter.ForkedBooter.main(ForkedBooter.java:417)
]]>
            </full-stacktrace>
          </exception> <!-- org.openqa.selenium.SessionNotCreatedException -->
          <reporter-output>
          </reporter-output>
        </test-method> <!-- feature -->
        <test-method status="PASS" signature="tearDownClass()[pri:0, instance:com.TestRunner.Demo.TestRunner@5ce81285]" name="tearDownClass" is-config="true" duration-ms="9" started-at="2021-05-27T22:29:27 CDT" finished-at="2021-05-27T22:29:27 CDT">
          <reporter-output>
          </reporter-output>
        </test-method> <!-- tearDownClass -->
        <test-method status="SKIP" signature="tearDown()[pri:0, instance:com.TestRunner.Demo.TestRunner@5ce81285]" name="tearDown" is-config="true" duration-ms="-1622172567455" started-at="2021-05-27T22:29:27 CDT" finished-at="1969-12-31T18:00:00 CST">
          <reporter-output>
          </reporter-output>
        </test-method> <!-- tearDown -->
      </class> <!-- com.TestRunner.Demo.TestRunner -->
    </test> <!-- Surefire test -->
  </suite> <!-- Surefire suite -->
</testng-results>
