<?xml version="1.0" encoding="UTF-8"?>
<testng-results ignored="0" total="1" passed="1" failed="0" skipped="0">
  <reporter-output>
  </reporter-output>
  <suite started-at="2020-10-04T12:13:42 CDT" name="Regression" finished-at="2020-10-04T12:14:12 CDT" duration-ms="30168">
    <groups>
      <group name="cucumber">
        <method signature="AbstractTestNGCucumberTests.feature(cucumber.api.testng.CucumberFeatureWrapper)[pri:0, instance:com.TestRunner.Demo.TestRunner@3098cf3b]" name="feature" class="cucumber.api.testng.AbstractTestNGCucumberTests"/>
      </group> <!-- cucumber -->
    </groups>
    <test started-at="2020-10-04T12:13:42 CDT" name="Test" finished-at="2020-10-04T12:14:12 CDT" duration-ms="30168">
      <class name="com.TestRunner.Demo.TestRunner">
        <test-method is-config="true" signature="setUP()[pri:0, instance:com.TestRunner.Demo.TestRunner@3098cf3b]" started-at="2020-10-04T12:13:42 CDT" name="setUP" finished-at="2020-10-04T12:13:50 CDT" duration-ms="8041" status="PASS">
          <reporter-output>
          </reporter-output>
        </test-method> <!-- setUP -->
        <test-method is-config="true" signature="setUpClass()[pri:0, instance:com.TestRunner.Demo.TestRunner@3098cf3b]" started-at="2020-10-04T12:13:50 CDT" name="setUpClass" finished-at="2020-10-04T12:13:51 CDT" duration-ms="714" status="PASS">
          <reporter-output>
          </reporter-output>
        </test-method> <!-- setUpClass -->
        <test-method signature="feature(cucumber.api.testng.CucumberFeatureWrapper)[pri:0, instance:com.TestRunner.Demo.TestRunner@3098cf3b]" started-at="2020-10-04T12:13:51 CDT" name="feature" description="Runs Cucumber Feature" data-provider="features" finished-at="2020-10-04T12:14:10 CDT" duration-ms="19398" status="PASS">
          <params>
            <param index="0">
              <value>
                <![CDATA[Search Functionality]]>
              </value>
            </param>
          </params>
          <reporter-output>
          </reporter-output>
        </test-method> <!-- feature -->
        <test-method is-config="true" signature="tearDownClass()[pri:0, instance:com.TestRunner.Demo.TestRunner@3098cf3b]" started-at="2020-10-04T12:14:10 CDT" name="tearDownClass" finished-at="2020-10-04T12:14:10 CDT" duration-ms="18" status="PASS">
          <reporter-output>
          </reporter-output>
        </test-method> <!-- tearDownClass -->
        <test-method is-config="true" signature="tearDown()[pri:0, instance:com.TestRunner.Demo.TestRunner@3098cf3b]" started-at="2020-10-04T12:14:10 CDT" name="tearDown" finished-at="2020-10-04T12:14:12 CDT" duration-ms="1627" status="PASS">
          <reporter-output>
          </reporter-output>
        </test-method> <!-- tearDown -->
      </class> <!-- com.TestRunner.Demo.TestRunner -->
    </test> <!-- Test -->
  </suite> <!-- Regression -->
</testng-results>
