<?xml version="1.0" encoding="UTF-8"?>
<testng-results ignored="0" total="1" passed="1" failed="0" skipped="0">
  <reporter-output>
  </reporter-output>
  <suite started-at="2020-10-05T20:47:50 CDT" name="Default suite" finished-at="2020-10-05T20:48:21 CDT" duration-ms="31559">
    <groups>
      <group name="cucumber">
        <method signature="AbstractTestNGCucumberTests.feature(cucumber.api.testng.CucumberFeatureWrapper)[pri:0, instance:com.TestRunner.Demo.TestRunner@65f095f8]" name="feature" class="cucumber.api.testng.AbstractTestNGCucumberTests"/>
      </group> <!-- cucumber -->
    </groups>
    <test started-at="2020-10-05T20:47:50 CDT" name="Default test" finished-at="2020-10-05T20:48:21 CDT" duration-ms="31559">
      <class name="com.TestRunner.Demo.TestRunner">
        <test-method is-config="true" signature="setUP()[pri:0, instance:com.TestRunner.Demo.TestRunner@65f095f8]" started-at="2020-10-05T20:47:50 CDT" name="setUP" finished-at="2020-10-05T20:47:58 CDT" duration-ms="8099" status="PASS">
          <reporter-output>
          </reporter-output>
        </test-method> <!-- setUP -->
        <test-method is-config="true" signature="setUpClass()[pri:0, instance:com.TestRunner.Demo.TestRunner@65f095f8]" started-at="2020-10-05T20:47:58 CDT" name="setUpClass" finished-at="2020-10-05T20:47:59 CDT" duration-ms="756" status="PASS">
          <reporter-output>
          </reporter-output>
        </test-method> <!-- setUpClass -->
        <test-method signature="feature(cucumber.api.testng.CucumberFeatureWrapper)[pri:0, instance:com.TestRunner.Demo.TestRunner@65f095f8]" started-at="2020-10-05T20:47:59 CDT" name="feature" description="Runs Cucumber Feature" data-provider="features" finished-at="2020-10-05T20:48:19 CDT" duration-ms="20263" status="PASS">
          <params>
            <param index="0">
              <value>
                <![CDATA[Search Functionality]]>
              </value>
            </param>
          </params>
          <reporter-output>
          </reporter-output>
        </test-method> <!-- feature -->
        <test-method is-config="true" signature="tearDownClass()[pri:0, instance:com.TestRunner.Demo.TestRunner@65f095f8]" started-at="2020-10-05T20:48:19 CDT" name="tearDownClass" finished-at="2020-10-05T20:48:19 CDT" duration-ms="53" status="PASS">
          <reporter-output>
          </reporter-output>
        </test-method> <!-- tearDownClass -->
        <test-method is-config="true" signature="tearDown()[pri:0, instance:com.TestRunner.Demo.TestRunner@65f095f8]" started-at="2020-10-05T20:48:19 CDT" name="tearDown" finished-at="2020-10-05T20:48:21 CDT" duration-ms="1926" status="PASS">
          <reporter-output>
          </reporter-output>
        </test-method> <!-- tearDown -->
      </class> <!-- com.TestRunner.Demo.TestRunner -->
    </test> <!-- Default test -->
  </suite> <!-- Default suite -->
</testng-results>
