<?xml version="1.0" encoding="UTF-8"?>
<testng-results ignored="0" total="1" passed="1" failed="0" skipped="0">
  <reporter-output>
  </reporter-output>
  <suite started-at="2020-11-08T13:27:48 CST" name="Default suite" finished-at="2020-11-08T13:28:05 CST" duration-ms="16822">
    <groups>
      <group name="cucumber">
        <method signature="AbstractTestNGCucumberTests.feature(cucumber.api.testng.CucumberFeatureWrapper)[pri:0, instance:com.TestRunner.Demo.TestRunner@1f97cf0d]" name="feature" class="cucumber.api.testng.AbstractTestNGCucumberTests"/>
      </group> <!-- cucumber -->
    </groups>
    <test started-at="2020-11-08T13:27:48 CST" name="Default test" finished-at="2020-11-08T13:28:05 CST" duration-ms="16822">
      <class name="com.TestRunner.Demo.TestRunner">
        <test-method is-config="true" signature="setUP()[pri:0, instance:com.TestRunner.Demo.TestRunner@1f97cf0d]" started-at="2020-11-08T13:27:48 CST" name="setUP" finished-at="2020-11-08T13:27:54 CST" duration-ms="5561" status="PASS">
          <reporter-output>
          </reporter-output>
        </test-method> <!-- setUP -->
        <test-method is-config="true" signature="setUpClass()[pri:0, instance:com.TestRunner.Demo.TestRunner@1f97cf0d]" started-at="2020-11-08T13:27:54 CST" name="setUpClass" finished-at="2020-11-08T13:27:54 CST" duration-ms="137" status="PASS">
          <reporter-output>
          </reporter-output>
        </test-method> <!-- setUpClass -->
        <test-method signature="feature(cucumber.api.testng.CucumberFeatureWrapper)[pri:0, instance:com.TestRunner.Demo.TestRunner@1f97cf0d]" started-at="2020-11-08T13:27:54 CST" name="feature" description="Runs Cucumber Feature" data-provider="features" finished-at="2020-11-08T13:28:05 CST" duration-ms="10398" status="PASS">
          <params>
            <param index="0">
              <value>
                <![CDATA[Search Functionality]]>
              </value>
            </param>
          </params>
          <reporter-output>
          </reporter-output>
        </test-method> <!-- feature -->
        <test-method is-config="true" signature="tearDownClass()[pri:0, instance:com.TestRunner.Demo.TestRunner@1f97cf0d]" started-at="2020-11-08T13:28:05 CST" name="tearDownClass" finished-at="2020-11-08T13:28:05 CST" duration-ms="7" status="PASS">
          <reporter-output>
          </reporter-output>
        </test-method> <!-- tearDownClass -->
        <test-method is-config="true" signature="tearDown()[pri:0, instance:com.TestRunner.Demo.TestRunner@1f97cf0d]" started-at="2020-11-08T13:28:05 CST" name="tearDown" finished-at="2020-11-08T13:28:05 CST" duration-ms="645" status="PASS">
          <reporter-output>
          </reporter-output>
        </test-method> <!-- tearDown -->
      </class> <!-- com.TestRunner.Demo.TestRunner -->
    </test> <!-- Default test -->
  </suite> <!-- Default suite -->
</testng-results>
