<?xml version="1.0" encoding="UTF-8"?>
<testng-results skipped="0" failed="0" ignored="0" total="2" passed="2">
  <reporter-output>
  </reporter-output>
  <suite name="Default suite" duration-ms="24858" started-at="2022-06-03T07:56:19 CDT" finished-at="2022-06-03T07:56:43 CDT">
    <groups>
      <group name="cucumber">
        <method signature="AbstractTestNGCucumberTests.feature(cucumber.api.testng.CucumberFeatureWrapper)[pri:0, instance:com.TestRunner.Demo.TestRunner@17d677df]" name="feature" class="cucumber.api.testng.AbstractTestNGCucumberTests"/>
      </group> <!-- cucumber -->
    </groups>
    <test name="Default test" duration-ms="24858" started-at="2022-06-03T07:56:19 CDT" finished-at="2022-06-03T07:56:43 CDT">
      <class name="com.TestRunner.Demo.TestRunner">
        <test-method status="PASS" signature="setUP()[pri:0, instance:com.TestRunner.Demo.TestRunner@17d677df]" name="setUP" is-config="true" duration-ms="1771" started-at="2022-06-03T07:56:19 CDT" finished-at="2022-06-03T07:56:20 CDT">
          <reporter-output>
          </reporter-output>
        </test-method> <!-- setUP -->
        <test-method status="PASS" signature="setUpClass()[pri:0, instance:com.TestRunner.Demo.TestRunner@17d677df]" name="setUpClass" is-config="true" duration-ms="182" started-at="2022-06-03T07:56:20 CDT" finished-at="2022-06-03T07:56:21 CDT">
          <reporter-output>
          </reporter-output>
        </test-method> <!-- setUpClass -->
        <test-method status="PASS" signature="feature(cucumber.api.testng.CucumberFeatureWrapper)[pri:0, instance:com.TestRunner.Demo.TestRunner@17d677df]" name="feature" duration-ms="11241" started-at="2022-06-03T07:56:21 CDT" description="Runs Cucumber Feature" data-provider="features" finished-at="2022-06-03T07:56:32 CDT">
          <params>
            <param index="0">
              <value>
                <![CDATA[feature2]]>
              </value>
            </param>
          </params>
          <reporter-output>
          </reporter-output>
        </test-method> <!-- feature -->
        <test-method status="PASS" signature="feature(cucumber.api.testng.CucumberFeatureWrapper)[pri:0, instance:com.TestRunner.Demo.TestRunner@17d677df]" name="feature" duration-ms="10928" started-at="2022-06-03T07:56:32 CDT" description="Runs Cucumber Feature" data-provider="features" finished-at="2022-06-03T07:56:43 CDT">
          <params>
            <param index="0">
              <value>
                <![CDATA[Adding Item In Cart]]>
              </value>
            </param>
          </params>
          <reporter-output>
          </reporter-output>
        </test-method> <!-- feature -->
        <test-method status="PASS" signature="tearDownClass()[pri:0, instance:com.TestRunner.Demo.TestRunner@17d677df]" name="tearDownClass" is-config="true" duration-ms="2" started-at="2022-06-03T07:56:43 CDT" finished-at="2022-06-03T07:56:43 CDT">
          <reporter-output>
          </reporter-output>
        </test-method> <!-- tearDownClass -->
        <test-method status="PASS" signature="tearDown()[pri:0, instance:com.TestRunner.Demo.TestRunner@17d677df]" name="tearDown" is-config="true" duration-ms="634" started-at="2022-06-03T07:56:43 CDT" finished-at="2022-06-03T07:56:43 CDT">
          <reporter-output>
          </reporter-output>
        </test-method> <!-- tearDown -->
      </class> <!-- com.TestRunner.Demo.TestRunner -->
    </test> <!-- Default test -->
  </suite> <!-- Default suite -->
</testng-results>
