<?xml version="1.0" encoding="UTF-8"?>
<testng-results skipped="0" failed="0" ignored="0" total="1" passed="1">
  <reporter-output>
  </reporter-output>
  <suite name="Default suite" duration-ms="12458" started-at="2021-05-27T22:51:22 CDT" finished-at="2021-05-27T22:51:34 CDT">
    <groups>
      <group name="cucumber">
        <method signature="AbstractTestNGCucumberTests.feature(cucumber.api.testng.CucumberFeatureWrapper)[pri:0, instance:com.TestRunner.Demo.TestRunner@17d677df]" name="feature" class="cucumber.api.testng.AbstractTestNGCucumberTests"/>
      </group> <!-- cucumber -->
    </groups>
    <test name="Default test" duration-ms="12458" started-at="2021-05-27T22:51:22 CDT" finished-at="2021-05-27T22:51:34 CDT">
      <class name="com.TestRunner.Demo.TestRunner">
        <test-method status="PASS" signature="setUP()[pri:0, instance:com.TestRunner.Demo.TestRunner@17d677df]" name="setUP" is-config="true" duration-ms="1640" started-at="2021-05-27T22:51:22 CDT" finished-at="2021-05-27T22:51:23 CDT">
          <reporter-output>
          </reporter-output>
        </test-method> <!-- setUP -->
        <test-method status="PASS" signature="setUpClass()[pri:0, instance:com.TestRunner.Demo.TestRunner@17d677df]" name="setUpClass" is-config="true" duration-ms="147" started-at="2021-05-27T22:51:23 CDT" finished-at="2021-05-27T22:51:23 CDT">
          <reporter-output>
          </reporter-output>
        </test-method> <!-- setUpClass -->
        <test-method status="PASS" signature="feature(cucumber.api.testng.CucumberFeatureWrapper)[pri:0, instance:com.TestRunner.Demo.TestRunner@17d677df]" name="feature" duration-ms="9927" started-at="2021-05-27T22:51:24 CDT" description="Runs Cucumber Feature" data-provider="features" finished-at="2021-05-27T22:51:33 CDT">
          <params>
            <param index="0">
              <value>
                <![CDATA[Search Functionality]]>
              </value>
            </param>
          </params>
          <reporter-output>
          </reporter-output>
        </test-method> <!-- feature -->
        <test-method status="PASS" signature="tearDownClass()[pri:0, instance:com.TestRunner.Demo.TestRunner@17d677df]" name="tearDownClass" is-config="true" duration-ms="7" started-at="2021-05-27T22:51:33 CDT" finished-at="2021-05-27T22:51:33 CDT">
          <reporter-output>
          </reporter-output>
        </test-method> <!-- tearDownClass -->
        <test-method status="PASS" signature="tearDown()[pri:0, instance:com.TestRunner.Demo.TestRunner@17d677df]" name="tearDown" is-config="true" duration-ms="665" started-at="2021-05-27T22:51:33 CDT" finished-at="2021-05-27T22:51:34 CDT">
          <reporter-output>
          </reporter-output>
        </test-method> <!-- tearDown -->
      </class> <!-- com.TestRunner.Demo.TestRunner -->
    </test> <!-- Default test -->
  </suite> <!-- Default suite -->
</testng-results>
