<?xml version="1.0" encoding="UTF-8"?>
<testng-results skipped="0" failed="0" ignored="0" total="1" passed="1">
  <reporter-output>
  </reporter-output>
  <suite name="Default suite" duration-ms="6868" started-at="2022-01-19T19:58:16 CST" finished-at="2022-01-19T19:58:23 CST">
    <groups>
      <group name="cucumber">
        <method signature="AbstractTestNGCucumberTests.feature(cucumber.api.testng.CucumberFeatureWrapper)[pri:0, instance:com.TestRunner.Demo.TestRunner@17d677df]" name="feature" class="cucumber.api.testng.AbstractTestNGCucumberTests"/>
      </group> <!-- cucumber -->
    </groups>
    <test name="Default test" duration-ms="6868" started-at="2022-01-19T19:58:16 CST" finished-at="2022-01-19T19:58:23 CST">
      <class name="com.TestRunner.Demo.TestRunner">
        <test-method status="PASS" signature="setUP()[pri:0, instance:com.TestRunner.Demo.TestRunner@17d677df]" name="setUP" is-config="true" duration-ms="1822" started-at="2022-01-19T19:58:16 CST" finished-at="2022-01-19T19:58:18 CST">
          <reporter-output>
          </reporter-output>
        </test-method> <!-- setUP -->
        <test-method status="PASS" signature="setUpClass()[pri:0, instance:com.TestRunner.Demo.TestRunner@17d677df]" name="setUpClass" is-config="true" duration-ms="178" started-at="2022-01-19T19:58:18 CST" finished-at="2022-01-19T19:58:18 CST">
          <reporter-output>
          </reporter-output>
        </test-method> <!-- setUpClass -->
        <test-method status="PASS" signature="feature(cucumber.api.testng.CucumberFeatureWrapper)[pri:0, instance:com.TestRunner.Demo.TestRunner@17d677df]" name="feature" duration-ms="4053" started-at="2022-01-19T19:58:18 CST" description="Runs Cucumber Feature" data-provider="features" finished-at="2022-01-19T19:58:23 CST">
          <params>
            <param index="0">
              <value>
                <![CDATA[Search Functionality]]>
              </value>
            </param>
          </params>
          <reporter-output>
          </reporter-output>
        </test-method> <!-- feature -->
        <test-method status="PASS" signature="tearDownClass()[pri:0, instance:com.TestRunner.Demo.TestRunner@17d677df]" name="tearDownClass" is-config="true" duration-ms="13" started-at="2022-01-19T19:58:23 CST" finished-at="2022-01-19T19:58:23 CST">
          <reporter-output>
          </reporter-output>
        </test-method> <!-- tearDownClass -->
        <test-method status="PASS" signature="tearDown()[pri:0, instance:com.TestRunner.Demo.TestRunner@17d677df]" name="tearDown" is-config="true" duration-ms="707" started-at="2022-01-19T19:58:23 CST" finished-at="2022-01-19T19:58:23 CST">
          <reporter-output>
          </reporter-output>
        </test-method> <!-- tearDown -->
      </class> <!-- com.TestRunner.Demo.TestRunner -->
    </test> <!-- Default test -->
  </suite> <!-- Default suite -->
</testng-results>
